c:\users\netanels\desktop\shitut\shitut\debug\vc140.pdb
c:\users\netanels\desktop\shitut\shitut\debug\vc140.idb
c:\users\netanels\desktop\shitut\shitut\debug\comoboxinputentry.obj
c:\users\netanels\desktop\shitut\shitut\debug\controller.obj
c:\users\netanels\desktop\shitut\shitut\debug\source.obj
c:\users\netanels\desktop\shitut\shitut\debug\consoleeventshandler.obj
c:\users\netanels\desktop\shitut\shitut\debug\icontrol.obj
c:\users\netanels\desktop\shitut\shitut\debug\panel.obj
c:\users\netanels\desktop\shitut\shitut\debug\label.obj
c:\users\netanels\desktop\shitut\shitut\debug\textbox.obj
c:\users\netanels\desktop\shitut\debug\shitut.ilk
c:\users\netanels\desktop\shitut\debug\shitut.exe
c:\users\netanels\desktop\shitut\debug\shitut.pdb
c:\users\netanels\desktop\shitut\shitut\debug\shitut.res
c:\users\netanels\desktop\shitut\shitut\debug\inputentry.obj
c:\users\netanels\desktop\shitut\shitut\debug\radiolistclass.obj
c:\users\netanels\desktop\shitut\shitut\debug\vc120.idb
c:\users\netanels\desktop\shitut\shitut\debug\vc120.pdb
c:\users\netanels\desktop\shitut\shitut\debug\shitut.tlog\cl.command.1.tlog
c:\users\netanels\desktop\shitut\shitut\debug\shitut.tlog\cl.read.1.tlog
c:\users\netanels\desktop\shitut\shitut\debug\shitut.tlog\cl.write.1.tlog
c:\users\netanels\desktop\shitut\shitut\debug\shitut.tlog\link.command.1.tlog
c:\users\netanels\desktop\shitut\shitut\debug\shitut.tlog\link.read.1.tlog
c:\users\netanels\desktop\shitut\shitut\debug\shitut.tlog\link.write.1.tlog
c:\users\netanels\desktop\shitut\shitut\debug\shitut.tlog\rc.command.1.tlog
c:\users\netanels\desktop\shitut\shitut\debug\shitut.tlog\rc.read.1.tlog
c:\users\netanels\desktop\shitut\shitut\debug\shitut.tlog\rc.write.1.tlog
